10009
10012
10022
10026
10030
10031
10042
10043
10044
10057
10062
10066
10069
10071
10073
10074
10083
10085
10089
10094
10104
10106
10113
10116
10117
10122
10125
10132
10133
10134
10140
10144
10150
10154
10164
10175
10177
10183
10190
10197
10201
10207
10217
10220
10225
10228
10245
10253
10256
10262
10267
10273
10276
10288
10290
10292
10313
10317
10322
10327
10330
10340
10341
10347
10356
10357
10359
10360
10363
10365
10367
10377
10385
10396
10401
10405
10406
10414
10419
10433
10434
10444
10446
10460
10481
10486
10494
10495
10499
10509
10513
10516
10519
10520
10521
10525
10532
10536
10537
10538
10550
10559
10560
10563
10568
10570
10571
10581
10586
10589
10591
10604
10612
10633
10638
10645
10648
10649
10655
10659
10660
10666
10669
10672
10673
10677
10679
10696
10704
10706
10713
10717
10722
10734
10737
10742
10747
10748
10752
10761
10769
10776
10779
10789
10798
10804
10805
10822
10823
10826
10828
10831
10839
10842
10854
10860
10866
10880
10882
10884
10888
10891
10892
10899
10900
10907
10910
10916
10919
10930
10932
10933
10935
10946
10951
10952
10956
10963
10964
10965
10966
10977
10984
10990
10994
10996
10999
11000
11001
11002
11003
11008
11010
11014
11017
11026
11030
11031
11032
11039
11050
11054
11056
11057
11062
11068
11074
11078
11080
11081
11086
11088
11089
11094
11114
11120
11132
11133
11159
11161
11166
